#
# There is insufficient memory for the Java Runtime Environment to continue.
# Native memory allocation (mmap) failed to map 36700160 bytes for G1 virtual space
# Possible reasons:
#   The system is out of physical RAM or swap space
#   The process is running with CompressedOops enabled, and the Java Heap may be blocking the growth of the native heap
# Possible solutions:
#   Reduce memory load on the system
#   Increase physical memory or swap space
#   Check if swap backing store is full
#   Decrease Java heap size (-Xmx/-Xms)
#   Decrease number of Java threads
#   Decrease Java thread stack sizes (-Xss)
#   Set larger code cache with -XX:ReservedCodeCacheSize=
#   JVM is running with Unscaled Compressed Oops mode in which the Java heap is
#     placed in the first 4GB address space. The Java Heap base address is the
#     maximum limit for the native heap growth. Please use -XX:HeapBaseMinAddress
#     to set the Java Heap base and to place the Java Heap above 4GB virtual address.
# This output file may be truncated or incomplete.
#
#  Out of Memory Error (os_windows.cpp:3600), pid=8116, tid=11236
#
# JRE version: Java(TM) SE Runtime Environment (21.0.5+9) (build 21.0.5+9-LTS-239)
# Java VM: Java HotSpot(TM) 64-Bit Server VM (21.0.5+9-LTS-239, mixed mode, emulated-client, sharing, tiered, compressed oops, compressed class ptrs, g1 gc, windows-amd64)
# No core dump will be written. Minidumps are not enabled by default on client versions of Windows
#

---------------  S U M M A R Y ------------

Command Line: -XX:TieredStopAtLevel=1 -Dspring.output.ansi.enabled=always -Dcom.sun.management.jmxremote -Dspring.jmx.enabled=true -Dspring.liveBeansView.mbeanDomain -Dspring.application.admin.enabled=true -Dmanagement.endpoints.jmx.exposure.include=* -javaagent:C:\Program Files\JetBrains\IntelliJ IDEA 2024.3\lib\idea_rt.jar=52394:C:\Program Files\JetBrains\IntelliJ IDEA 2024.3\bin -Dfile.encoding=UTF-8 -Dsun.stdout.encoding=UTF-8 -Dsun.stderr.encoding=UTF-8 com.example.WebProject.WebProjectApplication

Host: Intel(R) Core(TM) i5-1035G1 CPU @ 1.00GHz, 8 cores, 7G,  Windows 11 , 64 bit Build 22621 (10.0.22621.4391)
Time: Sun Dec 15 23:42:37 2024 Hora est. Pacífico, Sudamérica elapsed time: 14.131359 seconds (0d 0h 0m 14s)

---------------  T H R E A D  ---------------

Current thread (0x000002a407822980):  VMThread "VM Thread"          [id=11236, stack(0x000000f844600000,0x000000f844700000) (1024K)]

Stack: [0x000000f844600000,0x000000f844700000]
Native frames: (J=compiled Java code, j=interpreted, Vv=VM code, C=native code)
V  [jvm.dll+0x6ca289]
V  [jvm.dll+0x854a51]
V  [jvm.dll+0x856f7e]
V  [jvm.dll+0x857653]
V  [jvm.dll+0x27dd26]
V  [jvm.dll+0x6c6a25]
V  [jvm.dll+0x6bb5aa]
V  [jvm.dll+0x35359a]
V  [jvm.dll+0x35b1f6]
V  [jvm.dll+0x3adade]
V  [jvm.dll+0x3add88]
V  [jvm.dll+0x3278fc]
V  [jvm.dll+0x327987]
V  [jvm.dll+0x36c26c]
V  [jvm.dll+0x36aabe]
V  [jvm.dll+0x3270c1]
V  [jvm.dll+0x36a1da]
V  [jvm.dll+0x85d420]
V  [jvm.dll+0x85e7a4]
V  [jvm.dll+0x85ece0]
V  [jvm.dll+0x85ef83]
V  [jvm.dll+0x7fee9b]
V  [jvm.dll+0x6c896d]
C  [ucrtbase.dll+0x29333]
C  [KERNEL32.DLL+0x1259d]
C  [ntdll.dll+0x5af38]

VM_Operation (0x000000f8455fe700): G1CollectForAllocation, mode: safepoint, requested by thread 0x000002a44d3ff220


---------------  P R O C E S S  ---------------

Threads class SMR info:
_java_thread_list=0x000002a4503bce10, length=27, elements={
0x000002a474ead210, 0x000002a40783e560, 0x000002a40783f7c0, 0x000002a407842a60,
0x000002a407844ac0, 0x000002a407846610, 0x000002a4078473b0, 0x000002a40785a6d0,
0x000002a407813e80, 0x000002a407a26480, 0x000002a407a82490, 0x000002a407b6d8c0,
0x000002a44d1d3110, 0x000002a44d1d3770, 0x000002a44d3ee120, 0x000002a44d3ff220,
0x000002a44d487f70, 0x000002a44d48c8b0, 0x000002a44d758c20, 0x000002a44d7c2440,
0x000002a44d7c2ad0, 0x000002a44d7c1db0, 0x000002a44d7bfce0, 0x000002a44d7c0370,
0x000002a44d7c1090, 0x000002a44d7c1720, 0x000002a4504feba0
}

Java Threads: ( => current thread )
  0x000002a474ead210 JavaThread "main"                              [_thread_blocked, id=13812, stack(0x000000f843f00000,0x000000f844000000) (1024K)]
  0x000002a40783e560 JavaThread "Reference Handler"          daemon [_thread_blocked, id=9824, stack(0x000000f844700000,0x000000f844800000) (1024K)]
  0x000002a40783f7c0 JavaThread "Finalizer"                  daemon [_thread_blocked, id=9888, stack(0x000000f844800000,0x000000f844900000) (1024K)]
  0x000002a407842a60 JavaThread "Signal Dispatcher"          daemon [_thread_blocked, id=6308, stack(0x000000f844900000,0x000000f844a00000) (1024K)]
  0x000002a407844ac0 JavaThread "Attach Listener"            daemon [_thread_blocked, id=11960, stack(0x000000f844a00000,0x000000f844b00000) (1024K)]
  0x000002a407846610 JavaThread "Service Thread"             daemon [_thread_blocked, id=15600, stack(0x000000f844b00000,0x000000f844c00000) (1024K)]
  0x000002a4078473b0 JavaThread "Monitor Deflation Thread"   daemon [_thread_blocked, id=16208, stack(0x000000f844c00000,0x000000f844d00000) (1024K)]
  0x000002a40785a6d0 JavaThread "C1 CompilerThread0"         daemon [_thread_blocked, id=4020, stack(0x000000f844d00000,0x000000f844e00000) (1024K)]
  0x000002a407813e80 JavaThread "Common-Cleaner"             daemon [_thread_blocked, id=16588, stack(0x000000f844e00000,0x000000f844f00000) (1024K)]
  0x000002a407a26480 JavaThread "C1 CompilerThread1"         daemon [_thread_blocked, id=20028, stack(0x000000f844f00000,0x000000f845000000) (1024K)]
  0x000002a407a82490 JavaThread "C1 CompilerThread2"         daemon [_thread_blocked, id=19140, stack(0x000000f845000000,0x000000f845100000) (1024K)]
  0x000002a407b6d8c0 JavaThread "C1 CompilerThread3"         daemon [_thread_blocked, id=18084, stack(0x000000f845100000,0x000000f845200000) (1024K)]
  0x000002a44d1d3110 JavaThread "Monitor Ctrl-Break"         daemon [_thread_in_native, id=9572, stack(0x000000f845200000,0x000000f845300000) (1024K)]
  0x000002a44d1d3770 JavaThread "Notification Thread"        daemon [_thread_blocked, id=9164, stack(0x000000f845300000,0x000000f845400000) (1024K)]
  0x000002a44d3ee120 JavaThread "RMI TCP Accept-0"           daemon [_thread_in_native, id=19288, stack(0x000000f845400000,0x000000f845500000) (1024K)]
  0x000002a44d3ff220 JavaThread "RMI TCP Connection(1)-192.168.20.71" daemon [_thread_blocked, id=17080, stack(0x000000f845500000,0x000000f845600000) (1024K)]
  0x000002a44d487f70 JavaThread "RMI Scheduler(0)"           daemon [_thread_blocked, id=17184, stack(0x000000f845600000,0x000000f845700000) (1024K)]
  0x000002a44d48c8b0 JavaThread "JMX server connection timeout 26" daemon [_thread_blocked, id=17376, stack(0x000000f845700000,0x000000f845800000) (1024K)]
  0x000002a44d758c20 JavaThread "RMI TCP Connection(2)-192.168.20.71" daemon [_thread_blocked, id=16232, stack(0x000000f845f00000,0x000000f846000000) (1024K)]
  0x000002a44d7c2440 JavaThread "Catalina-utility-1"                [_thread_blocked, id=10308, stack(0x000000f846100000,0x000000f846200000) (1024K)]
  0x000002a44d7c2ad0 JavaThread "Catalina-utility-2"                [_thread_blocked, id=16608, stack(0x000000f846200000,0x000000f846300000) (1024K)]
  0x000002a44d7c1db0 JavaThread "container-0"                       [_thread_blocked, id=18384, stack(0x000000f846300000,0x000000f846400000) (1024K)]
  0x000002a44d7bfce0 JavaThread "mysql-cj-abandoned-connection-cleanup" daemon [_thread_blocked, id=14232, stack(0x000000f846400000,0x000000f846500000) (1024K)]
  0x000002a44d7c0370 JavaThread "PostgreSQL-JDBC-Cleaner"    daemon [_thread_blocked, id=5856, stack(0x000000f846600000,0x000000f846700000) (1024K)]
  0x000002a44d7c1090 JavaThread "HikariCP housekeeper"       daemon [_thread_blocked, id=14536, stack(0x000000f846700000,0x000000f846800000) (1024K)]
  0x000002a44d7c1720 JavaThread "HikariCP connection adder"  daemon [_thread_blocked, id=2572, stack(0x000000f846800000,0x000000f846900000) (1024K)]
  0x000002a4504feba0 JavaThread "JMX server connection timeout 183" daemon [_thread_blocked, id=19872, stack(0x000000f846900000,0x000000f846a00000) (1024K)]
Total: 27

Other Threads:
=>0x000002a407822980 VMThread "VM Thread"                           [id=11236, stack(0x000000f844600000,0x000000f844700000) (1024K)]
  0x000002a407812920 WatcherThread "VM Periodic Task Thread"        [id=7792, stack(0x000000f844500000,0x000000f844600000) (1024K)]
  0x000002a47516ed50 WorkerThread "GC Thread#0"                     [id=17292, stack(0x000000f844000000,0x000000f844100000) (1024K)]
  0x000002a44d52d080 WorkerThread "GC Thread#1"                     [id=6280, stack(0x000000f845800000,0x000000f845900000) (1024K)]
  0x000002a44d552440 WorkerThread "GC Thread#2"                     [id=12724, stack(0x000000f845900000,0x000000f845a00000) (1024K)]
  0x000002a44d59b660 WorkerThread "GC Thread#3"                     [id=11560, stack(0x000000f845a00000,0x000000f845b00000) (1024K)]
  0x000002a44d5a5720 WorkerThread "GC Thread#4"                     [id=14352, stack(0x000000f845b00000,0x000000f845c00000) (1024K)]
  0x000002a44d5a5380 WorkerThread "GC Thread#5"                     [id=18132, stack(0x000000f845c00000,0x000000f845d00000) (1024K)]
  0x000002a44d5a48a0 WorkerThread "GC Thread#6"                     [id=2636, stack(0x000000f845d00000,0x000000f845e00000) (1024K)]
  0x000002a44d5a5ac0 WorkerThread "GC Thread#7"                     [id=15436, stack(0x000000f845e00000,0x000000f845f00000) (1024K)]
  0x000002a47517fdb0 ConcurrentGCThread "G1 Main Marker"            [id=16788, stack(0x000000f844100000,0x000000f844200000) (1024K)]
  0x000002a4751808b0 WorkerThread "G1 Conc#0"                       [id=17920, stack(0x000000f844200000,0x000000f844300000) (1024K)]
  0x000002a44e373b30 WorkerThread "G1 Conc#1"                       [id=3584, stack(0x000000f846000000,0x000000f846100000) (1024K)]
  0x000002a4076df960 ConcurrentGCThread "G1 Refine#0"               [id=1228, stack(0x000000f844300000,0x000000f844400000) (1024K)]
  0x000002a4076e0180 ConcurrentGCThread "G1 Service"                [id=20080, stack(0x000000f844400000,0x000000f844500000) (1024K)]
Total: 15

Threads with active compile tasks:
Total: 0

VM state: at safepoint (normal execution)

VM Mutex/Monitor currently owned by a thread:  ([mutex/lock_event])
[0x00007ffc96e1be98] Threads_lock - owner thread: 0x000002a407822980
[0x00007ffc96e1bf98] Heap_lock - owner thread: 0x000002a44d3ff220

Heap address: 0x0000000083a00000, size: 1990 MB, Compressed Oops mode: 32-bit

CDS archive(s) mapped at: [0x000002a408000000-0x000002a408c90000-0x000002a408c90000), size 13172736, SharedBaseAddress: 0x000002a408000000, ArchiveRelocationMode: 1.
Compressed class space mapped at: 0x000002a409000000-0x000002a449000000, reserved size: 1073741824
Narrow klass base: 0x000002a408000000, Narrow klass shift: 0, Narrow klass range: 0x100000000

GC Precious Log:
 CardTable entry size: 512
 Card Set container configuration: InlinePtr #cards 5 size 8 Array Of Cards #cards 12 size 40 Howl #buckets 4 coarsen threshold 1843 Howl Bitmap #cards 512 size 80 coarsen threshold 460 Card regions per heap region 1 cards per card region 2048
 CPUs: 8 total, 8 available
 Memory: 7959M
 Large Page Support: Disabled
 NUMA Support: Disabled
 Compressed Oops: Enabled (32-bit)
 Heap Region Size: 1M
 Heap Min Capacity: 8M
 Heap Initial Capacity: 126M
 Heap Max Capacity: 1990M
 Pre-touch: Disabled
 Parallel Workers: 8
 Concurrent Workers: 2
 Concurrent Refinement Workers: 8
 Periodic GC: Disabled

Heap:
 garbage-first heap   total 130048K, used 69131K [0x0000000083a00000, 0x0000000100000000)
  region size 1024K, 4 young (4096K), 4 survivors (4096K)
 Metaspace       used 68838K, committed 69760K, reserved 1114112K
  class space    used 9569K, committed 9984K, reserved 1048576K

Heap Regions: E=young(eden), S=young(survivor), O=old, HS=humongous(starts), HC=humongous(continues), CS=collection set, F=free, TAMS=top-at-mark-start, PB=parsable bottom
|   0|0x0000000083a00000, 0x0000000083b00000, 0x0000000083b00000|100%|HS|  |TAMS 0x0000000083b00000| PB 0x0000000083a00000| Complete 
|   1|0x0000000083b00000, 0x0000000083c00000, 0x0000000083c00000|100%|HS|  |TAMS 0x0000000083c00000| PB 0x0000000083b00000| Complete 
|   2|0x0000000083c00000, 0x0000000083d00000, 0x0000000083d00000|100%| O|  |TAMS 0x0000000083d00000| PB 0x0000000083c00000| Untracked 
|   3|0x0000000083d00000, 0x0000000083e00000, 0x0000000083e00000|100%| O|  |TAMS 0x0000000083e00000| PB 0x0000000083d00000| Untracked 
|   4|0x0000000083e00000, 0x0000000083f00000, 0x0000000083f00000|100%| O|  |TAMS 0x0000000083f00000| PB 0x0000000083e00000| Untracked 
|   5|0x0000000083f00000, 0x0000000084000000, 0x0000000084000000|100%| O|  |TAMS 0x0000000084000000| PB 0x0000000083f00000| Untracked 
|   6|0x0000000084000000, 0x0000000084100000, 0x0000000084100000|100%| O|  |TAMS 0x0000000084100000| PB 0x0000000084000000| Untracked 
|   7|0x0000000084100000, 0x0000000084200000, 0x0000000084200000|100%| O|  |TAMS 0x0000000084200000| PB 0x0000000084100000| Untracked 
|   8|0x0000000084200000, 0x0000000084300000, 0x0000000084300000|100%| O|  |TAMS 0x0000000084300000| PB 0x0000000084200000| Untracked 
|   9|0x0000000084300000, 0x0000000084400000, 0x0000000084400000|100%| O|  |TAMS 0x0000000084400000| PB 0x0000000084300000| Untracked 
|  10|0x0000000084400000, 0x0000000084500000, 0x0000000084500000|100%| O|  |TAMS 0x0000000084500000| PB 0x0000000084400000| Untracked 
|  11|0x0000000084500000, 0x0000000084600000, 0x0000000084600000|100%| O|  |TAMS 0x0000000084600000| PB 0x0000000084500000| Untracked 
|  12|0x0000000084600000, 0x0000000084700000, 0x0000000084700000|100%| O|  |TAMS 0x0000000084700000| PB 0x0000000084600000| Untracked 
|  13|0x0000000084700000, 0x0000000084800000, 0x0000000084800000|100%| O|  |TAMS 0x0000000084800000| PB 0x0000000084700000| Untracked 
|  14|0x0000000084800000, 0x0000000084900000, 0x0000000084900000|100%| O|  |TAMS 0x0000000084900000| PB 0x0000000084800000| Untracked 
|  15|0x0000000084900000, 0x0000000084a00000, 0x0000000084a00000|100%| O|  |TAMS 0x0000000084a00000| PB 0x0000000084900000| Untracked 
|  16|0x0000000084a00000, 0x0000000084b00000, 0x0000000084b00000|100%| O|  |TAMS 0x0000000084b00000| PB 0x0000000084a00000| Untracked 
|  17|0x0000000084b00000, 0x0000000084c00000, 0x0000000084c00000|100%| O|  |TAMS 0x0000000084c00000| PB 0x0000000084b00000| Untracked 
|  18|0x0000000084c00000, 0x0000000084d00000, 0x0000000084d00000|100%| O|  |TAMS 0x0000000084d00000| PB 0x0000000084c00000| Untracked 
|  19|0x0000000084d00000, 0x0000000084e00000, 0x0000000084e00000|100%| O|  |TAMS 0x0000000084e00000| PB 0x0000000084d00000| Untracked 
|  20|0x0000000084e00000, 0x0000000084f00000, 0x0000000084f00000|100%| O|  |TAMS 0x0000000084f00000| PB 0x0000000084e00000| Untracked 
|  21|0x0000000084f00000, 0x0000000085000000, 0x0000000085000000|100%| O|  |TAMS 0x0000000085000000| PB 0x0000000084f00000| Untracked 
|  22|0x0000000085000000, 0x0000000085100000, 0x0000000085100000|100%| O|  |TAMS 0x0000000085100000| PB 0x0000000085000000| Untracked 
|  23|0x0000000085100000, 0x0000000085200000, 0x0000000085200000|100%| O|  |TAMS 0x0000000085200000| PB 0x0000000085100000| Untracked 
|  24|0x0000000085200000, 0x0000000085300000, 0x0000000085300000|100%| O|  |TAMS 0x0000000085300000| PB 0x0000000085200000| Untracked 
|  25|0x0000000085300000, 0x0000000085400000, 0x0000000085400000|100%| O|  |TAMS 0x0000000085400000| PB 0x0000000085300000| Untracked 
|  26|0x0000000085400000, 0x0000000085500000, 0x0000000085500000|100%| O|  |TAMS 0x0000000085500000| PB 0x0000000085400000| Untracked 
|  27|0x0000000085500000, 0x0000000085600000, 0x0000000085600000|100%| O|  |TAMS 0x0000000085600000| PB 0x0000000085500000| Untracked 
|  28|0x0000000085600000, 0x0000000085700000, 0x0000000085700000|100%| O|  |TAMS 0x0000000085700000| PB 0x0000000085600000| Untracked 
|  29|0x0000000085700000, 0x0000000085800000, 0x0000000085800000|100%| O|  |TAMS 0x0000000085800000| PB 0x0000000085700000| Untracked 
|  30|0x0000000085800000, 0x0000000085900000, 0x0000000085900000|100%| O|  |TAMS 0x0000000085800000| PB 0x0000000085800000| Untracked 
|  31|0x0000000085900000, 0x0000000085a00000, 0x0000000085a00000|100%| O|  |TAMS 0x0000000085a00000| PB 0x0000000085900000| Untracked 
|  32|0x0000000085a00000, 0x0000000085b00000, 0x0000000085b00000|100%| O|  |TAMS 0x0000000085b00000| PB 0x0000000085a00000| Untracked 
|  33|0x0000000085b00000, 0x0000000085c00000, 0x0000000085c00000|100%| O|  |TAMS 0x0000000085c00000| PB 0x0000000085b00000| Untracked 
|  34|0x0000000085c00000, 0x0000000085d00000, 0x0000000085d00000|100%| O|  |TAMS 0x0000000085c00000| PB 0x0000000085c00000| Untracked 
|  35|0x0000000085d00000, 0x0000000085e00000, 0x0000000085e00000|100%| O|  |TAMS 0x0000000085e00000| PB 0x0000000085d00000| Untracked 
|  36|0x0000000085e00000, 0x0000000085f00000, 0x0000000085f00000|100%| O|  |TAMS 0x0000000085f00000| PB 0x0000000085e00000| Untracked 
|  37|0x0000000085f00000, 0x0000000086000000, 0x0000000086000000|100%| O|  |TAMS 0x0000000085f00000| PB 0x0000000085f00000| Untracked 
|  38|0x0000000086000000, 0x0000000086100000, 0x0000000086100000|100%| O|  |TAMS 0x0000000086100000| PB 0x0000000086000000| Untracked 
|  39|0x0000000086100000, 0x0000000086200000, 0x0000000086200000|100%| O|  |TAMS 0x0000000086100000| PB 0x0000000086100000| Untracked 
|  40|0x0000000086200000, 0x0000000086282c20, 0x0000000086300000| 51%| O|  |TAMS 0x0000000086200000| PB 0x0000000086200000| Untracked 
|  41|0x0000000086300000, 0x0000000086300000, 0x0000000086400000|  0%| F|  |TAMS 0x0000000086300000| PB 0x0000000086300000| Untracked 
|  42|0x0000000086400000, 0x0000000086500000, 0x0000000086500000|100%| O|  |TAMS 0x0000000086500000| PB 0x0000000086400000| Untracked 
|  43|0x0000000086500000, 0x0000000086600000, 0x0000000086600000|100%| O|  |TAMS 0x0000000086600000| PB 0x0000000086500000| Untracked 
|  44|0x0000000086600000, 0x0000000086600000, 0x0000000086700000|  0%| F|  |TAMS 0x0000000086600000| PB 0x0000000086600000| Untracked 
|  45|0x0000000086700000, 0x0000000086800000, 0x0000000086800000|100%| O|  |TAMS 0x0000000086800000| PB 0x0000000086700000| Untracked 
|  46|0x0000000086800000, 0x0000000086900000, 0x0000000086900000|100%| O|  |TAMS 0x0000000086900000| PB 0x0000000086800000| Untracked 
|  47|0x0000000086900000, 0x0000000086a00000, 0x0000000086a00000|100%| O|  |TAMS 0x0000000086a00000| PB 0x0000000086900000| Untracked 
|  48|0x0000000086a00000, 0x0000000086b00000, 0x0000000086b00000|100%| O|  |TAMS 0x0000000086b00000| PB 0x0000000086a00000| Untracked 
|  49|0x0000000086b00000, 0x0000000086c00000, 0x0000000086c00000|100%| O|  |TAMS 0x0000000086c00000| PB 0x0000000086b00000| Untracked 
|  50|0x0000000086c00000, 0x0000000086d00000, 0x0000000086d00000|100%| O|  |TAMS 0x0000000086d00000| PB 0x0000000086c00000| Untracked 
|  51|0x0000000086d00000, 0x0000000086e00000, 0x0000000086e00000|100%| O|  |TAMS 0x0000000086e00000| PB 0x0000000086d00000| Untracked 
|  52|0x0000000086e00000, 0x0000000086f00000, 0x0000000086f00000|100%| O|  |TAMS 0x0000000086f00000| PB 0x0000000086e00000| Untracked 
|  53|0x0000000086f00000, 0x0000000086f00000, 0x0000000087000000|  0%| F|  |TAMS 0x0000000086f00000| PB 0x0000000086f00000| Untracked 
|  54|0x0000000087000000, 0x0000000087100000, 0x0000000087100000|100%| O|  |TAMS 0x0000000087100000| PB 0x0000000087000000| Untracked 
|  55|0x0000000087100000, 0x0000000087100000, 0x0000000087200000|  0%| F|  |TAMS 0x0000000087100000| PB 0x0000000087100000| Untracked 
|  56|0x0000000087200000, 0x0000000087300000, 0x0000000087300000|100%| O|  |TAMS 0x0000000087300000| PB 0x0000000087200000| Untracked 
|  57|0x0000000087300000, 0x0000000087400000, 0x0000000087400000|100%| O|  |TAMS 0x0000000087400000| PB 0x0000000087300000| Untracked 
|  58|0x0000000087400000, 0x0000000087500000, 0x0000000087500000|100%| O|  |TAMS 0x0000000087500000| PB 0x0000000087400000| Untracked 
|  59|0x0000000087500000, 0x0000000087600000, 0x0000000087600000|100%| O|  |TAMS 0x0000000087600000| PB 0x0000000087500000| Untracked 
|  60|0x0000000087600000, 0x0000000087700000, 0x0000000087700000|100%| O|  |TAMS 0x0000000087700000| PB 0x0000000087600000| Untracked 
|  61|0x0000000087700000, 0x0000000087800000, 0x0000000087800000|100%| O|  |TAMS 0x0000000087800000| PB 0x0000000087700000| Untracked 
|  62|0x0000000087800000, 0x0000000087900000, 0x0000000087900000|100%| O|  |TAMS 0x0000000087900000| PB 0x0000000087800000| Untracked 
|  63|0x0000000087900000, 0x0000000087a00000, 0x0000000087a00000|100%| O|  |TAMS 0x0000000087a00000| PB 0x0000000087900000| Untracked 
|  64|0x0000000087a00000, 0x0000000087b00000, 0x0000000087b00000|100%| O|  |TAMS 0x0000000087b00000| PB 0x0000000087a00000| Untracked 
|  65|0x0000000087b00000, 0x0000000087c00000, 0x0000000087c00000|100%| O|  |TAMS 0x0000000087c00000| PB 0x0000000087b00000| Untracked 
|  66|0x0000000087c00000, 0x0000000087d00000, 0x0000000087d00000|100%| O|  |TAMS 0x0000000087c372a0| PB 0x0000000087c00000| Untracked 
|  67|0x0000000087d00000, 0x0000000087d00000, 0x0000000087e00000|  0%| F|  |TAMS 0x0000000087d00000| PB 0x0000000087d00000| Untracked 
|  68|0x0000000087e00000, 0x0000000087e00000, 0x0000000087f00000|  0%| F|  |TAMS 0x0000000087e00000| PB 0x0000000087e00000| Untracked 
|  69|0x0000000087f00000, 0x0000000087f00000, 0x0000000088000000|  0%| F|  |TAMS 0x0000000087f00000| PB 0x0000000087f00000| Untracked 
|  70|0x0000000088000000, 0x0000000088000000, 0x0000000088100000|  0%| F|  |TAMS 0x0000000088000000| PB 0x0000000088000000| Untracked 
|  71|0x0000000088100000, 0x0000000088200000, 0x0000000088200000|100%| S|CS|TAMS 0x0000000088100000| PB 0x0000000088100000| Complete 
|  72|0x0000000088200000, 0x0000000088300000, 0x0000000088300000|100%| S|CS|TAMS 0x0000000088200000| PB 0x0000000088200000| Complete 
|  73|0x0000000088300000, 0x0000000088400000, 0x0000000088400000|100%| S|CS|TAMS 0x0000000088300000| PB 0x0000000088300000| Complete 
|  74|0x0000000088400000, 0x0000000088500000, 0x0000000088500000|100%| S|CS|TAMS 0x0000000088400000| PB 0x0000000088400000| Complete 
|  75|0x0000000088500000, 0x0000000088500000, 0x0000000088600000|  0%| F|  |TAMS 0x0000000088500000| PB 0x0000000088500000| Untracked 
|  76|0x0000000088600000, 0x0000000088600000, 0x0000000088700000|  0%| F|  |TAMS 0x0000000088600000| PB 0x0000000088600000| Untracked 
|  77|0x0000000088700000, 0x0000000088700000, 0x0000000088800000|  0%| F|  |TAMS 0x0000000088700000| PB 0x0000000088700000| Untracked 
|  78|0x0000000088800000, 0x0000000088800000, 0x0000000088900000|  0%| F|  |TAMS 0x0000000088800000| PB 0x0000000088800000| Untracked 
|  79|0x0000000088900000, 0x0000000088900000, 0x0000000088a00000|  0%| F|  |TAMS 0x0000000088900000| PB 0x0000000088900000| Untracked 
|  80|0x0000000088a00000, 0x0000000088a00000, 0x0000000088b00000|  0%| F|  |TAMS 0x0000000088a00000| PB 0x0000000088a00000| Untracked 
|  81|0x0000000088b00000, 0x0000000088b00000, 0x0000000088c00000|  0%| F|  |TAMS 0x0000000088b00000| PB 0x0000000088b00000| Untracked 
|  82|0x0000000088c00000, 0x0000000088c00000, 0x0000000088d00000|  0%| F|  |TAMS 0x0000000088c00000| PB 0x0000000088c00000| Untracked 
|  83|0x0000000088d00000, 0x0000000088d00000, 0x0000000088e00000|  0%| F|  |TAMS 0x0000000088d00000| PB 0x0000000088d00000| Untracked 
|  84|0x0000000088e00000, 0x0000000088e00000, 0x0000000088f00000|  0%| F|  |TAMS 0x0000000088e00000| PB 0x0000000088e00000| Untracked 
|  85|0x0000000088f00000, 0x0000000088f00000, 0x0000000089000000|  0%| F|  |TAMS 0x0000000088f00000| PB 0x0000000088f00000| Untracked 
|  86|0x0000000089000000, 0x0000000089000000, 0x0000000089100000|  0%| F|  |TAMS 0x0000000089000000| PB 0x0000000089000000| Untracked 
|  87|0x0000000089100000, 0x0000000089100000, 0x0000000089200000|  0%| F|  |TAMS 0x0000000089100000| PB 0x0000000089100000| Untracked 
|  88|0x0000000089200000, 0x0000000089200000, 0x0000000089300000|  0%| F|  |TAMS 0x0000000089200000| PB 0x0000000089200000| Untracked 
|  89|0x0000000089300000, 0x0000000089300000, 0x0000000089400000|  0%| F|  |TAMS 0x0000000089300000| PB 0x0000000089300000| Untracked 
|  90|0x0000000089400000, 0x0000000089400000, 0x0000000089500000|  0%| F|  |TAMS 0x0000000089400000| PB 0x0000000089400000| Untracked 
|  91|0x0000000089500000, 0x0000000089500000, 0x0000000089600000|  0%| F|  |TAMS 0x0000000089500000| PB 0x0000000089500000| Untracked 
|  92|0x0000000089600000, 0x0000000089600000, 0x0000000089700000|  0%| F|  |TAMS 0x0000000089600000| PB 0x0000000089600000| Untracked 
|  93|0x0000000089700000, 0x0000000089700000, 0x0000000089800000|  0%| F|  |TAMS 0x0000000089700000| PB 0x0000000089700000| Untracked 
|  94|0x0000000089800000, 0x0000000089800000, 0x0000000089900000|  0%| F|  |TAMS 0x0000000089800000| PB 0x0000000089800000| Untracked 
|  95|0x0000000089900000, 0x0000000089900000, 0x0000000089a00000|  0%| F|  |TAMS 0x0000000089900000| PB 0x0000000089900000| Untracked 
|  96|0x0000000089a00000, 0x0000000089a00000, 0x0000000089b00000|  0%| F|  |TAMS 0x0000000089a00000| PB 0x0000000089a00000| Untracked 
|  97|0x0000000089b00000, 0x0000000089b00000, 0x0000000089c00000|  0%| F|  |TAMS 0x0000000089b00000| PB 0x0000000089b00000| Untracked 
|  98|0x0000000089c00000, 0x0000000089c00000, 0x0000000089d00000|  0%| F|  |TAMS 0x0000000089c00000| PB 0x0000000089c00000| Untracked 
|  99|0x0000000089d00000, 0x0000000089d00000, 0x0000000089e00000|  0%| F|  |TAMS 0x0000000089d00000| PB 0x0000000089d00000| Untracked 
| 100|0x0000000089e00000, 0x0000000089e00000, 0x0000000089f00000|  0%| F|  |TAMS 0x0000000089e00000| PB 0x0000000089e00000| Untracked 
| 101|0x0000000089f00000, 0x0000000089f00000, 0x000000008a000000|  0%| F|  |TAMS 0x0000000089f00000| PB 0x0000000089f00000| Untracked 
| 102|0x000000008a000000, 0x000000008a000000, 0x000000008a100000|  0%| F|  |TAMS 0x000000008a000000| PB 0x000000008a000000| Untracked 
| 103|0x000000008a100000, 0x000000008a100000, 0x000000008a200000|  0%| F|  |TAMS 0x000000008a100000| PB 0x000000008a100000| Untracked 
| 104|0x000000008a200000, 0x000000008a200000, 0x000000008a300000|  0%| F|  |TAMS 0x000000008a200000| PB 0x000000008a200000| Untracked 
| 105|0x000000008a300000, 0x000000008a300000, 0x000000008a400000|  0%| F|  |TAMS 0x000000008a300000| PB 0x000000008a300000| Untracked 
| 106|0x000000008a400000, 0x000000008a400000, 0x000000008a500000|  0%| F|  |TAMS 0x000000008a400000| PB 0x000000008a400000| Untracked 
| 107|0x000000008a500000, 0x000000008a500000, 0x000000008a600000|  0%| F|  |TAMS 0x000000008a500000| PB 0x000000008a500000| Untracked 
| 108|0x000000008a600000, 0x000000008a600000, 0x000000008a700000|  0%| F|  |TAMS 0x000000008a600000| PB 0x000000008a600000| Untracked 
| 109|0x000000008a700000, 0x000000008a700000, 0x000000008a800000|  0%| F|  |TAMS 0x000000008a700000| PB 0x000000008a700000| Untracked 
| 110|0x000000008a800000, 0x000000008a800000, 0x000000008a900000|  0%| F|  |TAMS 0x000000008a800000| PB 0x000000008a800000| Untracked 
| 111|0x000000008a900000, 0x000000008a900000, 0x000000008aa00000|  0%| F|  |TAMS 0x000000008a900000| PB 0x000000008a900000| Untracked 
| 112|0x000000008aa00000, 0x000000008aa00000, 0x000000008ab00000|  0%| F|  |TAMS 0x000000008aa00000| PB 0x000000008aa00000| Untracked 
| 113|0x000000008ab00000, 0x000000008ab00000, 0x000000008ac00000|  0%| F|  |TAMS 0x000000008ab00000| PB 0x000000008ab00000| Untracked 
| 114|0x000000008ac00000, 0x000000008ac00000, 0x000000008ad00000|  0%| F|  |TAMS 0x000000008ac00000| PB 0x000000008ac00000| Untracked 
| 115|0x000000008ad00000, 0x000000008ad00000, 0x000000008ae00000|  0%| F|  |TAMS 0x000000008ad00000| PB 0x000000008ad00000| Untracked 
| 116|0x000000008ae00000, 0x000000008ae00000, 0x000000008af00000|  0%| F|  |TAMS 0x000000008ae00000| PB 0x000000008ae00000| Untracked 
| 117|0x000000008af00000, 0x000000008af00000, 0x000000008b000000|  0%| F|  |TAMS 0x000000008af00000| PB 0x000000008af00000| Untracked 
| 118|0x000000008b000000, 0x000000008b000000, 0x000000008b100000|  0%| F|  |TAMS 0x000000008b000000| PB 0x000000008b000000| Untracked 
| 119|0x000000008b100000, 0x000000008b100000, 0x000000008b200000|  0%| F|  |TAMS 0x000000008b100000| PB 0x000000008b100000| Untracked 
| 120|0x000000008b200000, 0x000000008b200000, 0x000000008b300000|  0%| F|  |TAMS 0x000000008b200000| PB 0x000000008b200000| Untracked 
| 121|0x000000008b300000, 0x000000008b300000, 0x000000008b400000|  0%| F|  |TAMS 0x000000008b300000| PB 0x000000008b300000| Untracked 
| 122|0x000000008b400000, 0x000000008b400000, 0x000000008b500000|  0%| F|  |TAMS 0x000000008b400000| PB 0x000000008b400000| Untracked 
| 123|0x000000008b500000, 0x000000008b500000, 0x000000008b600000|  0%| F|  |TAMS 0x000000008b500000| PB 0x000000008b500000| Untracked 
| 124|0x000000008b600000, 0x000000008b600000, 0x000000008b700000|  0%| F|  |TAMS 0x000000008b600000| PB 0x000000008b600000| Untracked 
| 125|0x000000008b700000, 0x000000008b700000, 0x000000008b800000|  0%| F|  |TAMS 0x000000008b700000| PB 0x000000008b700000| Untracked 
|1989|0x00000000fff00000, 0x0000000100000000, 0x0000000100000000|100%| O|  |TAMS 0x0000000100000000| PB 0x00000000fff00000| Untracked 

Card table byte_map: [0x000002a47fa40000,0x000002a47fe30000] _byte_map_base: 0x000002a47f623000

Marking Bits: (CMBitMap*) 0x000002a47516f450
 Bits: [0x000002a403000000, 0x000002a404f18000)

Polling page: 0x000002a4751d0000

Metaspace:

Usage:
  Non-class:     57.88 MB used.
      Class:      9.35 MB used.
       Both:     67.23 MB used.

Virtual space:
  Non-class space:       64.00 MB reserved,      58.38 MB ( 91%) committed,  1 nodes.
      Class space:        1.00 GB reserved,       9.75 MB ( <1%) committed,  1 nodes.
             Both:        1.06 GB reserved,      68.12 MB (  6%) committed. 

Chunk freelists:
   Non-Class:  4.83 MB
       Class:  6.14 MB
        Both:  10.97 MB

MaxMetaspaceSize: unlimited
CompressedClassSpaceSize: 1.00 GB
Initial GC threshold: 21.00 MB
Current GC threshold: 109.00 MB
CDS: on
 - commit_granule_bytes: 65536.
 - commit_granule_words: 8192.
 - virtual_space_node_default_size: 8388608.
 - enlarge_chunks_in_place: 1.
 - use_allocation_guard: 0.


Internal statistics:

num_allocs_failed_limit: 6.
num_arena_births: 1302.
num_arena_deaths: 0.
num_vsnodes_births: 2.
num_vsnodes_deaths: 0.
num_space_committed: 1090.
num_space_uncommitted: 0.
num_chunks_returned_to_freelist: 6.
num_chunks_taken_from_freelist: 3665.
num_chunk_merges: 6.
num_chunk_splits: 2640.
num_chunks_enlarged: 2013.
num_inconsistent_stats: 0.

CodeCache: size=49152Kb used=13208Kb max_used=13260Kb free=35943Kb
 bounds [0x000002a400000000, 0x000002a400d00000, 0x000002a403000000]
 total_blobs=6731 nmethods=6002 adapters=650
 compilation: enabled
              stopped_count=0, restarted_count=0
 full_count=0

Compilation events (20 events):
Event: 14.044 Thread 0x000002a407a82490 nmethod 6711 0x000002a40052c010 code [0x000002a40052c1a0, 0x000002a40052c268]
Event: 14.044 Thread 0x000002a407b6d8c0 6713       1       sun.reflect.generics.factory.CoreReflectionFactory::getDecl (5 bytes)
Event: 14.044 Thread 0x000002a40785a6d0 nmethod 6712 0x000002a40052ca10 code [0x000002a40052cba0, 0x000002a40052cc68]
Event: 14.044 Thread 0x000002a407b6d8c0 nmethod 6713 0x000002a40054bc10 code [0x000002a40054bda0, 0x000002a40054be68]
Event: 14.044 Thread 0x000002a407a26480 6714       1       java.lang.reflect.Method::getTypeParameters (19 bytes)
Event: 14.046 Thread 0x000002a407a26480 nmethod 6714 0x000002a400299c10 code [0x000002a400299e00, 0x000002a40029a330]
Event: 14.053 Thread 0x000002a407a82490 6715   !   1       org.springframework.core.$Proxy7::getRawType (29 bytes)
Event: 14.053 Thread 0x000002a407a82490 nmethod 6715 0x000002a400299690 code [0x000002a400299840, 0x000002a400299a88]
Event: 14.058 Thread 0x000002a407b6d8c0 6716   !   1       jdk.proxy2.$Proxy42::annotationType (29 bytes)
Event: 14.059 Thread 0x000002a407b6d8c0 nmethod 6716 0x000002a400299190 code [0x000002a400299340, 0x000002a400299570]
Event: 14.059 Thread 0x000002a407a26480 6717   !   1       jdk.proxy2.$Proxy8::annotationType (29 bytes)
Event: 14.059 Thread 0x000002a407a26480 nmethod 6717 0x000002a400298c90 code [0x000002a400298e40, 0x000002a400299070]
Event: 14.059 Thread 0x000002a407a26480 6718   !   1       jdk.proxy2.$Proxy56::annotationType (29 bytes)
Event: 14.060 Thread 0x000002a407a26480 nmethod 6718 0x000002a400298790 code [0x000002a400298940, 0x000002a400298b70]
Event: 14.118 Thread 0x000002a407a26480 6719       1       java.lang.invoke.LambdaFormEditor::foldArgumentsForm (95 bytes)
Event: 14.118 Thread 0x000002a407a26480 nmethod 6719 0x000002a400298290 code [0x000002a400298460, 0x000002a400298658]
Event: 14.121 Thread 0x000002a407b6d8c0 6721       1       java.io.ObjectStreamClass$FieldReflectorKey::<init> (76 bytes)
Event: 14.121 Thread 0x000002a407a26480 6720       1       java.io.ObjectStreamClass::getReflector (100 bytes)
Event: 14.121 Thread 0x000002a407a26480 nmethod 6720 0x000002a400297a90 code [0x000002a400297ca0, 0x000002a400298060]
Event: 14.121 Thread 0x000002a407b6d8c0 nmethod 6721 0x000002a400297110 code [0x000002a4002972e0, 0x000002a400297760]

GC Heap History (20 events):
Event: 8.516 GC heap after
{Heap after GC invocations=12 (full 0):
 garbage-first heap   total 66560K, used 26407K [0x0000000083a00000, 0x0000000100000000)
  region size 1024K, 3 young (3072K), 3 survivors (3072K)
 Metaspace       used 58248K, committed 58880K, reserved 1114112K
  class space    used 8093K, committed 8384K, reserved 1048576K
}
Event: 11.900 GC heap before
{Heap before GC invocations=13 (full 0):
 garbage-first heap   total 66560K, used 58151K [0x0000000083a00000, 0x0000000100000000)
  region size 1024K, 34 young (34816K), 3 survivors (3072K)
 Metaspace       used 63165K, committed 63872K, reserved 1114112K
  class space    used 8785K, committed 9088K, reserved 1048576K
}
Event: 11.907 GC heap after
{Heap after GC invocations=14 (full 0):
 garbage-first heap   total 66560K, used 28881K [0x0000000083a00000, 0x0000000100000000)
  region size 1024K, 5 young (5120K), 5 survivors (5120K)
 Metaspace       used 63165K, committed 63872K, reserved 1114112K
  class space    used 8785K, committed 9088K, reserved 1048576K
}
Event: 12.721 GC heap before
{Heap before GC invocations=14 (full 0):
 garbage-first heap   total 66560K, used 55505K [0x0000000083a00000, 0x0000000100000000)
  region size 1024K, 32 young (32768K), 5 survivors (5120K)
 Metaspace       used 66180K, committed 66944K, reserved 1114112K
  class space    used 9178K, committed 9536K, reserved 1048576K
}
Event: 12.730 GC heap after
{Heap after GC invocations=15 (full 0):
 garbage-first heap   total 66560K, used 32171K [0x0000000083a00000, 0x0000000100000000)
  region size 1024K, 4 young (4096K), 4 survivors (4096K)
 Metaspace       used 66180K, committed 66944K, reserved 1114112K
  class space    used 9178K, committed 9536K, reserved 1048576K
}
Event: 12.825 GC heap before
{Heap before GC invocations=15 (full 0):
 garbage-first heap   total 66560K, used 46507K [0x0000000083a00000, 0x0000000100000000)
  region size 1024K, 20 young (20480K), 4 survivors (4096K)
 Metaspace       used 66181K, committed 66944K, reserved 1114112K
  class space    used 9178K, committed 9536K, reserved 1048576K
}
Event: 12.831 GC heap after
{Heap after GC invocations=16 (full 0):
 garbage-first heap   total 66560K, used 35103K [0x0000000083a00000, 0x0000000100000000)
  region size 1024K, 4 young (4096K), 4 survivors (4096K)
 Metaspace       used 66181K, committed 66944K, reserved 1114112K
  class space    used 9178K, committed 9536K, reserved 1048576K
}
Event: 12.956 GC heap before
{Heap before GC invocations=17 (full 0):
 garbage-first heap   total 80896K, used 58655K [0x0000000083a00000, 0x0000000100000000)
  region size 1024K, 25 young (25600K), 4 survivors (4096K)
 Metaspace       used 66183K, committed 67008K, reserved 1114112K
  class space    used 9181K, committed 9600K, reserved 1048576K
}
Event: 12.963 GC heap after
{Heap after GC invocations=18 (full 0):
 garbage-first heap   total 80896K, used 40884K [0x0000000083a00000, 0x0000000100000000)
  region size 1024K, 4 young (4096K), 4 survivors (4096K)
 Metaspace       used 66183K, committed 67008K, reserved 1114112K
  class space    used 9181K, committed 9600K, reserved 1048576K
}
Event: 13.123 GC heap before
{Heap before GC invocations=18 (full 0):
 garbage-first heap   total 80896K, used 68532K [0x0000000083a00000, 0x0000000100000000)
  region size 1024K, 30 young (30720K), 4 survivors (4096K)
 Metaspace       used 66233K, committed 67072K, reserved 1114112K
  class space    used 9193K, committed 9600K, reserved 1048576K
}
Event: 13.130 GC heap after
{Heap after GC invocations=19 (full 0):
 garbage-first heap   total 109568K, used 49371K [0x0000000083a00000, 0x0000000100000000)
  region size 1024K, 4 young (4096K), 4 survivors (4096K)
 Metaspace       used 66233K, committed 67072K, reserved 1114112K
  class space    used 9193K, committed 9600K, reserved 1048576K
}
Event: 13.355 GC heap before
{Heap before GC invocations=19 (full 0):
 garbage-first heap   total 109568K, used 87259K [0x0000000083a00000, 0x0000000100000000)
  region size 1024K, 42 young (43008K), 4 survivors (4096K)
 Metaspace       used 66271K, committed 67072K, reserved 1114112K
  class space    used 9203K, committed 9600K, reserved 1048576K
}
Event: 13.362 GC heap after
{Heap after GC invocations=20 (full 0):
 garbage-first heap   total 109568K, used 56320K [0x0000000083a00000, 0x0000000100000000)
  region size 1024K, 6 young (6144K), 6 survivors (6144K)
 Metaspace       used 66271K, committed 67072K, reserved 1114112K
  class space    used 9203K, committed 9600K, reserved 1048576K
}
Event: 13.368 GC heap before
{Heap before GC invocations=20 (full 0):
 garbage-first heap   total 109568K, used 57344K [0x0000000083a00000, 0x0000000100000000)
  region size 1024K, 8 young (8192K), 6 survivors (6144K)
 Metaspace       used 66271K, committed 67072K, reserved 1114112K
  class space    used 9203K, committed 9600K, reserved 1048576K
}
Event: 13.372 GC heap after
{Heap after GC invocations=21 (full 0):
 garbage-first heap   total 109568K, used 58080K [0x0000000083a00000, 0x0000000100000000)
  region size 1024K, 1 young (1024K), 1 survivors (1024K)
 Metaspace       used 66271K, committed 67072K, reserved 1114112K
  class space    used 9203K, committed 9600K, reserved 1048576K
}
Event: 13.554 GC heap before
{Heap before GC invocations=22 (full 0):
 garbage-first heap   total 109568K, used 89824K [0x0000000083a00000, 0x0000000100000000)
  region size 1024K, 34 young (34816K), 1 survivors (1024K)
 Metaspace       used 66271K, committed 67072K, reserved 1114112K
  class space    used 9203K, committed 9600K, reserved 1048576K
}
Event: 13.559 GC heap after
{Heap after GC invocations=23 (full 0):
 garbage-first heap   total 109568K, used 63641K [0x0000000083a00000, 0x0000000100000000)
  region size 1024K, 5 young (5120K), 5 survivors (5120K)
 Metaspace       used 66271K, committed 67072K, reserved 1114112K
  class space    used 9203K, committed 9600K, reserved 1048576K
}
Event: 13.642 GC heap before
{Heap before GC invocations=23 (full 0):
 garbage-first heap   total 109568K, used 92313K [0x0000000083a00000, 0x0000000100000000)
  region size 1024K, 32 young (32768K), 5 survivors (5120K)
 Metaspace       used 66271K, committed 67072K, reserved 1114112K
  class space    used 9203K, committed 9600K, reserved 1048576K
}
Event: 13.649 GC heap after
{Heap after GC invocations=24 (full 0):
 garbage-first heap   total 109568K, used 63708K [0x0000000083a00000, 0x0000000100000000)
  region size 1024K, 4 young (4096K), 4 survivors (4096K)
 Metaspace       used 66271K, committed 67072K, reserved 1114112K
  class space    used 9203K, committed 9600K, reserved 1048576K
}
Event: 14.123 GC heap before
{Heap before GC invocations=24 (full 0):
 garbage-first heap   total 109568K, used 90332K [0x0000000083a00000, 0x0000000100000000)
  region size 1024K, 31 young (31744K), 4 survivors (4096K)
 Metaspace       used 68838K, committed 69760K, reserved 1114112K
  class space    used 9569K, committed 9984K, reserved 1048576K
}

Dll operation events (13 events):
Event: 0.017 Loaded shared library C:\Program Files\Java\jdk-21\bin\java.dll
Event: 0.250 Loaded shared library C:\Program Files\Java\jdk-21\bin\zip.dll
Event: 0.259 Loaded shared library C:\Program Files\Java\jdk-21\bin\instrument.dll
Event: 0.267 Loaded shared library C:\Program Files\Java\jdk-21\bin\net.dll
Event: 0.270 Loaded shared library C:\Program Files\Java\jdk-21\bin\nio.dll
Event: 0.277 Loaded shared library C:\Program Files\Java\jdk-21\bin\zip.dll
Event: 0.315 Loaded shared library C:\Program Files\Java\jdk-21\bin\jimage.dll
Event: 0.531 Loaded shared library C:\Program Files\JetBrains\IntelliJ IDEA 2024.3\bin\breakgen64.dll
Event: 0.544 Loaded shared library C:\Program Files\Java\jdk-21\bin\extnet.dll
Event: 0.557 Loaded shared library C:\Program Files\Java\jdk-21\bin\management.dll
Event: 0.578 Loaded shared library C:\Program Files\Java\jdk-21\bin\management_ext.dll
Event: 2.358 Loaded shared library C:\Program Files\Java\jdk-21\bin\sunmscapi.dll
Event: 4.545 Loaded shared library C:\Program Files\Java\jdk-21\bin\verify.dll

Deoptimization events (2 events):
Event: 3.539 Thread 0x000002a474ead210 DEOPT PACKING pc=0x000002a40083238c sp=0x000000f843ffbe30
Event: 3.539 Thread 0x000002a474ead210 DEOPT UNPACKING pc=0x000002a4000588e2 sp=0x000000f843ffb2e8 mode 0

Classes loaded (20 events):
Event: 12.674 Loading class sun/nio/fs/WindowsLinkSupport
Event: 12.674 Loading class sun/nio/fs/WindowsLinkSupport done
Event: 12.713 Loading class java/nio/channels/spi/AbstractInterruptibleChannel$1
Event: 12.713 Loading class sun/nio/ch/Interruptible
Event: 12.713 Loading class sun/nio/ch/Interruptible done
Event: 12.713 Loading class java/nio/channels/spi/AbstractInterruptibleChannel$1 done
Event: 12.714 Loading class java/nio/ReadOnlyBufferException
Event: 12.714 Loading class java/nio/ReadOnlyBufferException done
Event: 12.717 Loading class java/util/zip/DataFormatException
Event: 12.718 Loading class java/util/zip/DataFormatException done
Event: 13.912 Loading class javax/management/modelmbean/ModelMBean
Event: 13.912 Loading class javax/management/PersistentMBean
Event: 13.912 Loading class javax/management/PersistentMBean done
Event: 13.912 Loading class javax/management/modelmbean/ModelMBean done
Event: 13.915 Loading class javax/management/modelmbean/ModelMBeanInfo
Event: 13.915 Loading class javax/management/modelmbean/ModelMBeanInfo done
Event: 13.919 Loading class javax/management/Attribute
Event: 13.919 Loading class javax/management/Attribute done
Event: 14.050 Loading class sun/reflect/generics/repository/FieldRepository
Event: 14.050 Loading class sun/reflect/generics/repository/FieldRepository done

Classes unloaded (0 events):
No events

Classes redefined (0 events):
No events

Internal exceptions (20 events):
Event: 13.524 Thread 0x000002a4505cea20 Exception <a 'sun/nio/fs/WindowsException'{0x0000000088910208}> (0x0000000088910208) 
thrown [s\open\src\hotspot\share\prims\jni.cpp, line 520]
Event: 13.524 Thread 0x000002a4505cea20 Exception <a 'sun/nio/fs/WindowsException'{0x0000000088910538}> (0x0000000088910538) 
thrown [s\open\src\hotspot\share\prims\jni.cpp, line 520]
Event: 13.525 Thread 0x000002a4505cea20 Exception <a 'sun/nio/fs/WindowsException'{0x0000000088910ee0}> (0x0000000088910ee0) 
thrown [s\open\src\hotspot\share\prims\jni.cpp, line 520]
Event: 13.525 Thread 0x000002a4505cea20 Exception <a 'sun/nio/fs/WindowsException'{0x0000000088911230}> (0x0000000088911230) 
thrown [s\open\src\hotspot\share\prims\jni.cpp, line 520]
Event: 13.525 Thread 0x000002a4505cea20 Exception <a 'sun/nio/fs/WindowsException'{0x0000000088911bc8}> (0x0000000088911bc8) 
thrown [s\open\src\hotspot\share\prims\jni.cpp, line 520]
Event: 13.525 Thread 0x000002a4505cea20 Exception <a 'sun/nio/fs/WindowsException'{0x0000000088911ef8}> (0x0000000088911ef8) 
thrown [s\open\src\hotspot\share\prims\jni.cpp, line 520]
Event: 13.525 Thread 0x000002a4505cea20 Exception <a 'sun/nio/fs/WindowsException'{0x00000000889128a0}> (0x00000000889128a0) 
thrown [s\open\src\hotspot\share\prims\jni.cpp, line 520]
Event: 13.525 Thread 0x000002a4505cea20 Exception <a 'sun/nio/fs/WindowsException'{0x0000000088912bf0}> (0x0000000088912bf0) 
thrown [s\open\src\hotspot\share\prims\jni.cpp, line 520]
Event: 13.525 Thread 0x000002a4505cea20 Exception <a 'sun/nio/fs/WindowsException'{0x0000000088938fa8}> (0x0000000088938fa8) 
thrown [s\open\src\hotspot\share\prims\jni.cpp, line 520]
Event: 13.525 Thread 0x000002a4505cea20 Exception <a 'sun/nio/fs/WindowsException'{0x0000000088939308}> (0x0000000088939308) 
thrown [s\open\src\hotspot\share\prims\jni.cpp, line 520]
Event: 13.525 Thread 0x000002a4505cea20 Exception <a 'sun/nio/fs/WindowsException'{0x0000000088939ce0}> (0x0000000088939ce0) 
thrown [s\open\src\hotspot\share\prims\jni.cpp, line 520]
Event: 13.525 Thread 0x000002a4505cea20 Exception <a 'sun/nio/fs/WindowsException'{0x000000008893a060}> (0x000000008893a060) 
thrown [s\open\src\hotspot\share\prims\jni.cpp, line 520]
Event: 13.525 Thread 0x000002a4505cea20 Exception <a 'sun/nio/fs/WindowsException'{0x000000008893aa30}> (0x000000008893aa30) 
thrown [s\open\src\hotspot\share\prims\jni.cpp, line 520]
Event: 13.526 Thread 0x000002a4505cea20 Exception <a 'sun/nio/fs/WindowsException'{0x000000008893adb0}> (0x000000008893adb0) 
thrown [s\open\src\hotspot\share\prims\jni.cpp, line 520]
Event: 13.825 Thread 0x000002a474ead210 Exception <a 'java/lang/NoSuchMethodError'{0x00000000898df758}: 'java.lang.Object java.lang.invoke.Invokers$Holder.invoke_MT(java.lang.Object, java.lang.Object, java.lang.Object, java.lang.Object, java.lang.Object, java.lang.Object, java.lang.Object, java.lang.Object, java.lang.Object)'> (0x00000000898df758) 
thrown [s\open\src\hotspot\share\interpreter\linkResolver.cpp, line 773]
Event: 13.841 Thread 0x000002a474ead210 Exception <a 'java/lang/NoSuchMethodError'{0x000000008979cc78}: 'java.lang.Object java.lang.invoke.DirectMethodHandle$Holder.invokeVirtual(java.lang.Object, java.lang.Object, java.lang.Object, java.lang.Object, java.lang.Object, java.lang.Object, java.lang.Object, java.lang.Object, java.lang.Object)'> (0x000000008979cc78) 
thrown [s\open\src\hotspot\share\interpreter\linkResolver.cpp, line 773]
Event: 13.873 Thread 0x000002a474ead210 Exception <a 'java/lang/NoSuchMethodError'{0x000000008951b3f0}: 'java.lang.Object java.lang.invoke.DirectMethodHandle$Holder.invokeVirtual(java.lang.Object, java.lang.Object, java.lang.Object, java.lang.Object, java.lang.Object, java.lang.Object, java.lang.Object, java.lang.Object, java.lang.Object, java.lang.Object)'> (0x000000008951b3f0) 
thrown [s\open\src\hotspot\share\interpreter\linkResolver.cpp, line 773]
Event: 13.892 Thread 0x000002a474ead210 Exception <a 'java/lang/NoSuchMethodError'{0x00000000894061f8}: 'java.lang.Object java.lang.invoke.DirectMethodHandle$Holder.invokeVirtual(java.lang.Object, java.lang.Object, java.lang.Object, java.lang.Object, java.lang.Object, java.lang.Object, java.lang.Object, java.lang.Object, java.lang.Object, java.lang.Object, java.lang.Object, java.lang.Object)'> (0x00000000894061f8) 
thrown [s\open\src\hotspot\share\interpreter\linkResolver.cpp, line 773]
Event: 13.945 Thread 0x000002a474ead210 Exception <a 'java/lang/IncompatibleClassChangeError'{0x000000008920a368}: Found class java.lang.Object, but interface was expected> (0x000000008920a368) 
thrown [s\open\src\hotspot\share\interpreter\linkResolver.cpp, line 840]
Event: 13.987 Thread 0x000002a474ead210 Exception <a 'java/lang/NoSuchMethodError'{0x0000000089090c78}: 'java.lang.Object java.lang.invoke.Invokers$Holder.invoke_MT(java.lang.Object, java.lang.Object, java.lang.Object, java.lang.Object, java.lang.Object, java.lang.Object, java.lang.Object, java.lang.Object, java.lang.Object, java.lang.Object, java.lang.Object)'> (0x0000000089090c78) 
thrown [s\open\src\hotspot\share\interpreter\linkResolver.cpp, line 773]

ZGC Phase Switch (0 events):
No events

VM Operations (20 events):
Event: 12.965 Executing VM operation: G1CollectForAllocation (G1 Evacuation Pause) done
Event: 12.998 Executing VM operation: HandshakeAllThreads (Deoptimize)
Event: 12.998 Executing VM operation: HandshakeAllThreads (Deoptimize) done
Event: 13.123 Executing VM operation: G1CollectForAllocation (G1 Evacuation Pause)
Event: 13.131 Executing VM operation: G1CollectForAllocation (G1 Evacuation Pause) done
Event: 13.349 Executing VM operation: G1CollectForAllocation (G1 Evacuation Pause)
Event: 13.365 Executing VM operation: G1CollectForAllocation (G1 Evacuation Pause) done
Event: 13.368 Executing VM operation: G1TryInitiateConcMark (G1 Humongous Allocation)
Event: 13.373 Executing VM operation: G1TryInitiateConcMark (G1 Humongous Allocation) done
Event: 13.426 Executing VM operation: G1PauseRemark
Event: 13.437 Executing VM operation: G1PauseRemark done
Event: 13.458 Executing VM operation: G1PauseCleanup
Event: 13.458 Executing VM operation: G1PauseCleanup done
Event: 13.553 Executing VM operation: G1CollectForAllocation (G1 Evacuation Pause)
Event: 13.560 Executing VM operation: G1CollectForAllocation (G1 Evacuation Pause) done
Event: 13.642 Executing VM operation: G1CollectForAllocation (G1 Evacuation Pause)
Event: 13.649 Executing VM operation: G1CollectForAllocation (G1 Evacuation Pause) done
Event: 13.762 Executing VM operation: HandshakeAllThreads (Deoptimize)
Event: 13.762 Executing VM operation: HandshakeAllThreads (Deoptimize) done
Event: 14.123 Executing VM operation: G1CollectForAllocation (G1 Evacuation Pause)

Events (20 events):
Event: 13.662 Thread 0x000002a4503efaa0 Thread added: 0x000002a4503efaa0
Event: 13.662 Thread 0x000002a4503f0130 Thread added: 0x000002a4503f0130
Event: 13.662 Thread 0x000002a4503f14e0 Thread added: 0x000002a4503f14e0
Event: 13.663 Thread 0x000002a4503f1b70 Thread added: 0x000002a4503f1b70
Event: 13.663 Thread 0x000002a4503eccb0 Thread added: 0x000002a4503eccb0
Event: 13.666 Thread 0x000002a4503f35b0 Thread exited: 0x000002a4503f35b0
Event: 13.666 Thread 0x000002a4503eccb0 Thread exited: 0x000002a4503eccb0
Event: 13.666 Thread 0x000002a4503eed80 Thread exited: 0x000002a4503eed80
Event: 13.666 Thread 0x000002a4503ef410 Thread exited: 0x000002a4503ef410
Event: 13.666 Thread 0x000002a4503f07c0 Thread exited: 0x000002a4503f07c0
Event: 13.666 Thread 0x000002a4503f14e0 Thread exited: 0x000002a4503f14e0
Event: 13.666 Thread 0x000002a4503ee060 Thread exited: 0x000002a4503ee060
Event: 13.666 Thread 0x000002a4503f1b70 Thread exited: 0x000002a4503f1b70
Event: 13.666 Thread 0x000002a4503efaa0 Thread exited: 0x000002a4503efaa0
Event: 13.666 Thread 0x000002a4503f0130 Thread exited: 0x000002a4503f0130
Event: 13.666 Thread 0x000002a4503f0e50 Thread exited: 0x000002a4503f0e50
Event: 13.666 Thread 0x000002a4503ee6f0 Thread exited: 0x000002a4503ee6f0
Event: 13.666 Thread 0x000002a4503f3c40 Thread exited: 0x000002a4503f3c40
Event: 13.666 Thread 0x000002a4503ed9d0 Thread exited: 0x000002a4503ed9d0
Event: 14.119 Thread 0x000002a4504feba0 Thread added: 0x000002a4504feba0


Dynamic libraries:
0x00007ff7eccf0000 - 0x00007ff7ecd00000 	C:\Program Files\Java\jdk-21\bin\java.exe
0x00007ffd287d0000 - 0x00007ffd289e7000 	C:\Windows\SYSTEM32\ntdll.dll
0x00007ffd27c00000 - 0x00007ffd27cc4000 	C:\Windows\System32\KERNEL32.DLL
0x00007ffd25fe0000 - 0x00007ffd26399000 	C:\Windows\System32\KERNELBASE.dll
0x00007ffd263d0000 - 0x00007ffd264e1000 	C:\Windows\System32\ucrtbase.dll
0x00007ffd10290000 - 0x00007ffd102ab000 	C:\Program Files\Java\jdk-21\bin\VCRUNTIME140.dll
0x00007ffd21110000 - 0x00007ffd21129000 	C:\Program Files\Java\jdk-21\bin\jli.dll
0x00007ffd283e0000 - 0x00007ffd28492000 	C:\Windows\System32\ADVAPI32.dll
0x00007ffd28330000 - 0x00007ffd283d7000 	C:\Windows\System32\msvcrt.dll
0x00007ffd265f0000 - 0x00007ffd26697000 	C:\Windows\System32\sechost.dll
0x00007ffd25e90000 - 0x00007ffd25eb8000 	C:\Windows\System32\bcrypt.dll
0x00007ffd27db0000 - 0x00007ffd27ec4000 	C:\Windows\System32\RPCRT4.dll
0x00007ffd28180000 - 0x00007ffd2832e000 	C:\Windows\System32\USER32.dll
0x00007ffd263a0000 - 0x00007ffd263c6000 	C:\Windows\System32\win32u.dll
0x00007ffd27d80000 - 0x00007ffd27da9000 	C:\Windows\System32\GDI32.dll
0x00007ffcfb550000 - 0x00007ffcfb7e2000 	C:\Windows\WinSxS\amd64_microsoft.windows.common-controls_6595b64144ccf1df_6.0.22621.4391_none_2715d37f73803e96\COMCTL32.dll
0x00007ffd25ec0000 - 0x00007ffd25fdb000 	C:\Windows\System32\gdi32full.dll
0x00007ffd25df0000 - 0x00007ffd25e8a000 	C:\Windows\System32\msvcp_win.dll
0x00007ffd1c420000 - 0x00007ffd1c42a000 	C:\Windows\SYSTEM32\VERSION.dll
0x00007ffd28750000 - 0x00007ffd28781000 	C:\Windows\System32\IMM32.DLL
0x00007ffd10280000 - 0x00007ffd1028c000 	C:\Program Files\Java\jdk-21\bin\vcruntime140_1.dll
0x00007ffcfb8b0000 - 0x00007ffcfb93e000 	C:\Program Files\Java\jdk-21\bin\msvcp140.dll
0x00007ffc961e0000 - 0x00007ffc96ef8000 	C:\Program Files\Java\jdk-21\bin\server\jvm.dll
0x00007ffd28090000 - 0x00007ffd28101000 	C:\Windows\System32\WS2_32.dll
0x00007ffd24920000 - 0x00007ffd2496d000 	C:\Windows\SYSTEM32\POWRPROF.dll
0x00007ffd21640000 - 0x00007ffd21674000 	C:\Windows\SYSTEM32\WINMM.dll
0x00007ffd24900000 - 0x00007ffd24913000 	C:\Windows\SYSTEM32\UMPDC.dll
0x00007ffd24bc0000 - 0x00007ffd24bd8000 	C:\Windows\SYSTEM32\kernel.appcore.dll
0x00007ffd100e0000 - 0x00007ffd100ea000 	C:\Program Files\Java\jdk-21\bin\jimage.dll
0x00007ffd233c0000 - 0x00007ffd235f2000 	C:\Windows\SYSTEM32\DBGHELP.DLL
0x00007ffd275c0000 - 0x00007ffd2794f000 	C:\Windows\System32\combase.dll
0x00007ffd28660000 - 0x00007ffd28737000 	C:\Windows\System32\OLEAUT32.dll
0x00007ffd14cc0000 - 0x00007ffd14cf2000 	C:\Windows\SYSTEM32\dbgcore.DLL
0x00007ffd25b90000 - 0x00007ffd25c0b000 	C:\Windows\System32\bcryptPrimitives.dll
0x00007ffd225e0000 - 0x00007ffd225ef000 	C:\Program Files\Java\jdk-21\bin\instrument.dll
0x00007ffd003b0000 - 0x00007ffd003cf000 	C:\Program Files\Java\jdk-21\bin\java.dll
0x00007ffd26b50000 - 0x00007ffd273c6000 	C:\Windows\System32\SHELL32.dll
0x00007ffd239d0000 - 0x00007ffd242d3000 	C:\Windows\SYSTEM32\windows.storage.dll
0x00007ffd23890000 - 0x00007ffd239cf000 	C:\Windows\SYSTEM32\wintypes.dll
0x00007ffd264f0000 - 0x00007ffd265e9000 	C:\Windows\System32\SHCORE.dll
0x00007ffd27480000 - 0x00007ffd274de000 	C:\Windows\System32\shlwapi.dll
0x00007ffd25a00000 - 0x00007ffd25a2b000 	C:\Windows\SYSTEM32\profapi.dll
0x00007ffd0c710000 - 0x00007ffd0c728000 	C:\Program Files\Java\jdk-21\bin\zip.dll
0x00007ffd100d0000 - 0x00007ffd100e0000 	C:\Program Files\Java\jdk-21\bin\net.dll
0x00007ffd21500000 - 0x00007ffd21636000 	C:\Windows\SYSTEM32\WINHTTP.dll
0x00007ffd25030000 - 0x00007ffd25099000 	C:\Windows\system32\mswsock.dll
0x00007ffd100b0000 - 0x00007ffd100c6000 	C:\Program Files\Java\jdk-21\bin\nio.dll
0x00007ffd15130000 - 0x00007ffd1514a000 	C:\Program Files\JetBrains\IntelliJ IDEA 2024.3\bin\breakgen64.dll
0x00007ffd24620000 - 0x00007ffd24722000 	C:\Windows\SYSTEM32\DNSAPI.dll
0x00007ffd245b0000 - 0x00007ffd245dd000 	C:\Windows\SYSTEM32\IPHLPAPI.DLL
0x00007ffd27cd0000 - 0x00007ffd27cd9000 	C:\Windows\System32\NSI.dll
0x00007ffd1d980000 - 0x00007ffd1d98a000 	C:\Windows\System32\rasadhlp.dll
0x00007ffd0c700000 - 0x00007ffd0c709000 	C:\Program Files\Java\jdk-21\bin\extnet.dll
0x00007ffd1f090000 - 0x00007ffd1f113000 	C:\Windows\System32\fwpuclnt.dll
0x00007ffd15e90000 - 0x00007ffd15e9a000 	C:\Program Files\Java\jdk-21\bin\management.dll
0x00007ffd14a70000 - 0x00007ffd14a7b000 	C:\Program Files\Java\jdk-21\bin\management_ext.dll
0x00007ffd27d70000 - 0x00007ffd27d78000 	C:\Windows\System32\PSAPI.DLL
0x00007ffd25380000 - 0x00007ffd2539b000 	C:\Windows\SYSTEM32\CRYPTSP.dll
0x00007ffd24b20000 - 0x00007ffd24b55000 	C:\Windows\system32\rsaenh.dll
0x00007ffd250d0000 - 0x00007ffd250f8000 	C:\Windows\SYSTEM32\USERENV.dll
0x00007ffd25360000 - 0x00007ffd2536c000 	C:\Windows\SYSTEM32\CRYPTBASE.dll
0x00007ffd0c050000 - 0x00007ffd0c067000 	C:\Windows\system32\napinsp.dll
0x00007ffd0ab70000 - 0x00007ffd0ab8b000 	C:\Windows\system32\pnrpnsp.dll
0x00007ffd0ab40000 - 0x00007ffd0ab67000 	C:\Windows\system32\nlansp_c.dll
0x00007ffd0ab20000 - 0x00007ffd0ab31000 	C:\Windows\System32\winrnr.dll
0x00007ffd0ab00000 - 0x00007ffd0ab15000 	C:\Windows\system32\wshbth.dll
0x00007ffd0c6c0000 - 0x00007ffd0c6ce000 	C:\Program Files\Java\jdk-21\bin\sunmscapi.dll
0x00007ffd25c10000 - 0x00007ffd25d76000 	C:\Windows\System32\CRYPT32.dll
0x00007ffd25490000 - 0x00007ffd254bd000 	C:\Windows\SYSTEM32\ncrypt.dll
0x00007ffd25450000 - 0x00007ffd25487000 	C:\Windows\SYSTEM32\NTASN1.dll
0x00007ffd11700000 - 0x00007ffd11750000 	C:\Windows\SYSTEM32\pdh.dll
0x00007ffd21c40000 - 0x00007ffd21c51000 	C:\Windows\System32\perfproc.dll
0x00007ffd05bd0000 - 0x00007ffd05be0000 	C:\Windows\System32\perfos.dll
0x00007ffd22e30000 - 0x00007ffd22e40000 	C:\Windows\SYSTEM32\pfclient.dll
0x00007ffcfbeb0000 - 0x00007ffcfbec0000 	C:\Program Files\Java\jdk-21\bin\verify.dll

dbghelp: loaded successfully - version: 4.0.5 - missing functions: none
symbol engine: initialized successfully - sym options: 0x614 - pdb path: .;C:\Program Files\Java\jdk-21\bin;C:\Windows\SYSTEM32;C:\Windows\WinSxS\amd64_microsoft.windows.common-controls_6595b64144ccf1df_6.0.22621.4391_none_2715d37f73803e96;C:\Program Files\Java\jdk-21\bin\server;C:\Program Files\JetBrains\IntelliJ IDEA 2024.3\bin

VM Arguments:
jvm_args: -XX:TieredStopAtLevel=1 -Dspring.output.ansi.enabled=always -Dcom.sun.management.jmxremote -Dspring.jmx.enabled=true -Dspring.liveBeansView.mbeanDomain -Dspring.application.admin.enabled=true -Dmanagement.endpoints.jmx.exposure.include=* -javaagent:C:\Program Files\JetBrains\IntelliJ IDEA 2024.3\lib\idea_rt.jar=52394:C:\Program Files\JetBrains\IntelliJ IDEA 2024.3\bin -Dfile.encoding=UTF-8 -Dsun.stdout.encoding=UTF-8 -Dsun.stderr.encoding=UTF-8 
java_command: com.example.WebProject.WebProjectApplication
java_class_path (initial): C:\Users\kj24h\Downloads\parcial3_JuliethBecerra-master\WebProject\target\classes;C:\Users\kj24h\.m2\repository\org\springframework\boot\spring-boot-starter-web\3.4.0\spring-boot-starter-web-3.4.0.jar;C:\Users\kj24h\.m2\repository\org\springframework\boot\spring-boot-starter\3.4.0\spring-boot-starter-3.4.0.jar;C:\Users\kj24h\.m2\repository\org\springframework\boot\spring-boot\3.4.0\spring-boot-3.4.0.jar;C:\Users\kj24h\.m2\repository\org\springframework\boot\spring-boot-autoconfigure\3.4.0\spring-boot-autoconfigure-3.4.0.jar;C:\Users\kj24h\.m2\repository\org\springframework\boot\spring-boot-starter-logging\3.4.0\spring-boot-starter-logging-3.4.0.jar;C:\Users\kj24h\.m2\repository\ch\qos\logback\logback-classic\1.5.12\logback-classic-1.5.12.jar;C:\Users\kj24h\.m2\repository\ch\qos\logback\logback-core\1.5.12\logback-core-1.5.12.jar;C:\Users\kj24h\.m2\repository\org\apache\logging\log4j\log4j-to-slf4j\2.24.1\log4j-to-slf4j-2.24.1.jar;C:\Users\kj24h\.m2\repository\org\apache\logging\log4j\log4j-api\2.24.1\log4j-api-2.24.1.jar;C:\Users\kj24h\.m2\repository\org\slf4j\jul-to-slf4j\2.0.16\jul-to-slf4j-2.0.16.jar;C:\Users\kj24h\.m2\repository\jakarta\annotation\jakarta.annotation-api\2.1.1\jakarta.annotation-api-2.1.1.jar;C:\Users\kj24h\.m2\repository\org\yaml\snakeyaml\2.3\snakeyaml-2.3.jar;C:\Users\kj24h\.m2\repository\org\springframework\boot\spring-boot-starter-json\3.4.0\spring-boot-starter-json-3.4.0.jar;C:\Users\kj24h\.m2\repository\com\fasterxml\jackson\datatype\jackson-datatype-jdk8\2.18.1\jackson-datatype-jdk8-2.18.1.jar;C:\Users\kj24h\.m2\repository\com\fasterxml\jackson\datatype\jackson-datatype-jsr310\2.18.1\jackson-datatype-jsr310-2.18.1.jar;C:\Users\kj24h\.m2\repository\com\fasterxml\jackson\module\jackson-module-parameter-names\2.18.1\jackson-module-parameter-names-2.18.1.jar;C:\Users\kj24h\.m2\repository\org\springframework\boot\spring-boot-starter-tomcat\3.4.0\spring-boot-starter-tomcat-3.4.0.jar;C:\Users\kj24h\.m2\repository\org\apache\tomcat\embed\tomcat-embed-core\10.1.33\tomcat-embed-core-10.1.33.jar;C:\Users\kj24h\.m2\repository\org\apache\tomcat\embed\tomcat-embed-el\10.1.33\tomcat-embed-el-10.1.33.jar;C:\Users\kj24h\.m2\repository\org\apache\tomcat\embed\tomcat-embed-websocket\10.1.33\tomcat-embed-websocket-10.1.33.jar;C:\Users\kj24h\.m2\repository\org\springframework\spring-web\6.2.0\spring-web-6.2.0.jar;C:\Users\kj24h\.m2\repository\org\springframework\spring-beans\6.2.0\spring-beans-6.2.0.jar;C:\Users\kj24h\.m2\repository\io\micrometer\micrometer-observation\1.14.1\micrometer-observation-1.14.1.jar;C:\Users\kj24h\.m2\repository\io\micrometer\micrometer-commons\1.14.1\micrometer-commons-1.14.1.jar;C:\Users\kj24h\.m2\repository\org\springframework\spring-webmvc\6.2.0\spring-webmvc-6.2.0.jar;C:\Users\kj24h\.m2\repository\org\springframework\spring-context\6.2.0\spring-context-6.2.0.jar;C:\Users\kj24h\.m2\repository\org\springframework\spring-expression\6.2.0\spring-expression-6.2.0.jar;C:\Users\kj24h\.m2\repository\org\slf4j\slf4j-api\2.0.16\slf4j-api-2.0.16.jar;C:\Users\kj24h\.m2\repository\jakarta\xml\bind\jakarta.xml.bind-api\4.0.2\jakarta.xml.bind-api-4.0.2.jar;C:\Users\kj24h\.m2\repository\jakarta\activation\jakarta.activation-api\2.1.3\jakarta.activation-api-2.1.3.jar;C:\Users\kj24h\.m2\repository\org\springframework\spring-core\6.2.0\spring-core-6.2.0.jar;C:\Users\kj24h\.m2\repository\org\springframework\spring-jcl\6.2.0\spring-jcl-6.2.0.jar;C:\Users\kj24h\.m2\repository\org\springdoc\springdoc-openapi-starter-webmvc-ui\2.0.2\springdoc-openapi-starter-webmvc-ui-2.0.2.jar;C:\Users\kj24h\.m2\repository\org\springdoc\springdoc-openapi-starter-webmvc-api\2.0.2\springdoc-openapi-starter-webmvc-api-2.0.2.jar;C:\Users\kj24h\.m2\repository\org\springdoc\springdoc-openapi-starter-common\2.0.2\springdoc-openapi-starter-common-2.0.2.jar;C:\Users\kj24h\.m2\repository\io\swagger\core\v3\swagger-core-jakarta\2.2.7\swagger-core-jakarta-2.2.7.jar;C:\Users\kj24h\.m2\repository\org\apache\commons\commons-lang3\3.17.0\commons-lang3-3.17.0.jar;C:\Users\kj24h\.m2\repository\io\swagger\core\v3\swagger-annotations-jakarta\2.2.7\swagger-annotations-jakarta-2.2.7.jar;C:\Users\kj24h\.m2\repository\io\swagger\core\v3\swagger-models-jakarta\2.2.7\swagger-models-jakarta-2.2.7.jar;C:\Users\kj24h\.m2\repository\jakarta\validation\jakarta.validation-api\3.0.2\jakarta.validation-api-3.0.2.jar;C:\Users\kj24h\.m2\repository\com\fasterxml\jackson\dataformat\jackson-dataformat-yaml\2.18.1\jackson-dataformat-yaml-2.18.1.jar;C:\Users\kj24h\.m2\repository\org\webjars\swagger-ui\4.15.5\swagger-ui-4.15.5.jar;C:\Users\kj24h\.m2\repository\org\webjars\webjars-locator-core\0.59\webjars-locator-core-0.59.jar;C:\Users\kj24h\.m2\repository\io\github\classgraph\classgraph\4.8.149\classgraph-4.8.149.jar;C:\Users\kj24h\.m2\repository\org\springframework\boot\spring-boot-starter-data-jpa\3.2.2\spring-boot-starter-data-jpa-3.2.2.jar;C:\Users\kj24h\.m2\repository\org\springframework\boot\spring-boot-starter-aop\3.4.0\spring-boot-starter-aop-3.4.0.jar;C:\Users\kj24h\.m2\repository\org\aspectj\aspectjweaver\1.9.22.1\aspectjweaver-1.9.22.1.jar;C:\Users\kj24h\.m2\repository\org\springframework\boot\spring-boot-starter-jdbc\3.4.0\spring-boot-starter-jdbc-3.4.0.jar;C:\Users\kj24h\.m2\repository\com\zaxxer\HikariCP\5.1.0\HikariCP-5.1.0.jar;C:\Users\kj24h\.m2\repository\org\springframework\spring-jdbc\6.2.0\spring-jdbc-6.2.0.jar;C:\Users\kj24h\.m2\repository\org\springframework\data\spring-data-jpa\3.4.0\spring-data-jpa-3.4.0.jar;C:\Users\kj24h\.m2\repository\org\springframework\data\spring-data-commons\3.4.0\spring-data-commons-3.4.0.jar;C:\Users\kj24h\.m2\repository\org\springframework\spring-orm\6.2.0\spring-orm-6.2.0.jar;C:\Users\kj24h\.m2\repository\org\springframework\spring-tx\6.2.0\spring-tx-6.2.0.jar;C:\Users\kj24h\.m2\repository\org\springframework\spring-aspects\6.2.0\spring-aspects-6.2.0.jar;C:\Users\kj24h\.m2\repository\mysql\mysql-connector-java\8.0.20\mysql-connector-java-8.0.20.jar;C:\Users\kj24h\.m2\repository\com\google\protobuf\protobuf-java\3.6.1\protobuf-java-3.6.1.jar;C:\Users\kj24h\.m2\repository\org\postgresql\postgresql\42.7.1\postgresql-42.7.1.jar;C:\Users\kj24h\.m2\repository\org\checkerframework\checker-qual\3.41.0\checker-qual-3.41.0.jar;C:\Users\kj24h\.m2\repository\org\hibernate\orm\hibernate-core\6.6.2.Final\hibernate-core-6.6.2.Final.jar;C:\Users\kj24h\.m2\repository\jakarta\persistence\jakarta.persistence-api\3.1.0\jakarta.persistence-api-3.1.0.jar;C:\Users\kj24h\.m2\repository\jakarta\transaction\jakarta.transaction-api\2.0.1\jakarta.transaction-api-2.0.1.jar;C:\Users\kj24h\.m2\repository\org\jboss\logging\jboss-logging\3.6.1.Final\jboss-logging-3.6.1.Final.jar;C:\Users\kj24h\.m2\repository\org\hibernate\common\hibernate-commons-annotations\7.0.3.Final\hibernate-commons-annotations-7.0.3.Final.jar;C:\Users\kj24h\.m2\repository\io\smallrye\jandex\3.2.0\jandex-3.2.0.jar;C:\Users\kj24h\.m2\repository\com\fasterxml\classmate\1.7.0\classmate-1.7.0.jar;C:\Users\kj24h\.m2\repository\net\bytebuddy\byte-buddy\1.15.10\byte-buddy-1.15.10.jar;C:\Users\kj24h\.m2\repository\org\glassfish\jaxb\jaxb-runtime\4.0.5\jaxb-runtime-4.0.5.jar;C:\Users\kj24h\.m2\repository\org\glassfish\jaxb\jaxb-core\4.0.5\jaxb-core-4.0.5.jar;C:\Users\kj24h\.m2\repository\org\eclipse\angus\angus-activation\2.0.2\angus-activation-2.0.2.jar;C:\Users\kj24h\.m2\repository\org\glassfish\jaxb\txw2\4.0.5\txw2-4.0.5.jar;C:\Users\kj24h\.m2\repository\com\sun\istack\istack-commons-runtime\4.1.2\istack-commons-runtime-4.1.2.jar;C:\Users\kj24h\.m2\repository\jakarta\inject\jakarta.inject-api\2.0.1\jakarta.inject-api-2.0.1.jar;C:\Users\kj24h\.m2\repository\org\antlr\antlr4-runtime\4.13.0\antlr4-runtime-4.13.0.jar;C:\Users\kj24h\.m2\repository\io\jsonwebtoken\jjwt-api\0.11.5\jjwt-api-0.11.5.jar;C:\Users\kj24h\.m2\repository\io\jsonwebtoken\jjwt-impl\0.11.5\jjwt-impl-0.11.5.jar;C:\Users\kj24h\.m2\repository\io\jsonwebtoken\jjwt-jackson\0.11.5\jjwt-jackson-0.11.5.jar;C:\Users\kj24h\.m2\repository\com\fasterxml\jackson\core\jackson-databind\2.18.1\jackson-databind-2.18.1.jar;C:\Users\kj24h\.m2\repository\com\fasterxml\jackson\core\jackson-annotations\2.18.1\jackson-annotations-2.18.1.jar;C:\Users\kj24h\.m2\repository\com\fasterxml\jackson\core\jackson-core\2.18.1\jackson-core-2.18.1.jar;C:\Users\kj24h\.m2\repository\org\springframework\security\spring-security-crypto\6.2.2\spring-security-crypto-6.2.2.jar;C:\Users\kj24h\.m2\repository\jakarta\servlet\jakarta.servlet-api\6.0.0\jakarta.servlet-api-6.0.0.jar;C:\Users\kj24h\.m2\repository\javax\servlet\javax.servlet-api\4.0.1\javax.servlet-api-4.0.1.jar;C:\Users\kj24h\.m2\repository\org\springframework\boot\spring-boot-starter-security\3.4.0\spring-boot-starter-security-3.4.0.jar;C:\Users\kj24h\.m2\repository\org\springframework\spring-aop\6.2.0\spring-aop-6.2.0.jar;C:\Users\kj24h\.m2\repository\org\springframework\security\spring-security-config\6.4.1\spring-security-config-6.4.1.jar;C:\Users\kj24h\.m2\repository\org\springframework\security\spring-security-core\6.4.1\spring-security-core-6.4.1.jar;C:\Users\kj24h\.m2\repository\org\springframework\security\spring-security-web\6.4.1\spring-security-web-6.4.1.jar
Launcher Type: SUN_STANDARD

[Global flags]
     intx CICompilerCount                          = 4                                         {product} {ergonomic}
     uint ConcGCThreads                            = 2                                         {product} {ergonomic}
     uint G1ConcRefinementThreads                  = 8                                         {product} {ergonomic}
   size_t G1HeapRegionSize                         = 1048576                                   {product} {ergonomic}
    uintx GCDrainStackTargetSize                   = 64                                        {product} {ergonomic}
   size_t InitialHeapSize                          = 132120576                                 {product} {ergonomic}
     bool ManagementServer                         = true                                      {product} {command line}
   size_t MarkStackSize                            = 4194304                                   {product} {ergonomic}
   size_t MaxHeapSize                              = 2086666240                                {product} {ergonomic}
   size_t MaxNewSize                               = 1251999744                                {product} {ergonomic}
   size_t MinHeapDeltaBytes                        = 1048576                                   {product} {ergonomic}
   size_t MinHeapSize                              = 8388608                                   {product} {ergonomic}
    uintx NonNMethodCodeHeapSize                   = 4096                                   {pd product} {ergonomic}
    uintx NonProfiledCodeHeapSize                  = 0                                      {pd product} {ergonomic}
     bool ProfileInterpreter                       = false                                  {pd product} {command line}
    uintx ProfiledCodeHeapSize                     = 0                                      {pd product} {ergonomic}
   size_t SoftMaxHeapSize                          = 2086666240                             {manageable} {ergonomic}
     intx TieredStopAtLevel                        = 1                                         {product} {command line}
     bool UseCompressedOops                        = true                           {product lp64_product} {ergonomic}
     bool UseG1GC                                  = true                                      {product} {ergonomic}
     bool UseLargePagesIndividualAllocation        = false                                  {pd product} {ergonomic}

Logging:
Log output configuration:
 #0: stdout all=warning uptime,level,tags foldmultilines=false
 #1: stderr all=off uptime,level,tags foldmultilines=false

Environment Variables:
PATH=C:\Windows\system32;C:\Windows;C:\Windows\System32\Wbem;C:\Windows\System32\WindowsPowerShell\v1.0\;C:\Windows\System32\OpenSSH\;C:\Users\kj24h\AppData\Local\Programs\Python\Python312;C:\Python312\Scripts;C:\Program Files\Git\cmd;C:\Program Files\nodejs\;C:\Program Files\MySQL\MySQL Server 8.0\bin;C:\Users\kj24h\AppData\Local\Programs\Python\Python312\Scripts\;C:\Users\kj24h\AppData\Local\Programs\Python\Python312\;C:\Users\kj24h\AppData\Local\Programs\Python\Launcher\;C:\Users\kj24h\AppData\Local\Microsoft\WindowsApps;C:\Users\kj24h\AppData\Local\Programs\Microsoft VS Code\bin;C:\Program Files\JetBrains\PyCharm 2024.1.4\bin;C:\Users\kj24h\AppData\Roaming\npm;C:\Program Files\MongoDB\Server\8.0\bin;C:\Program Files\MongoDB\mongosh-2.3.1-win32-x64\bin;C:\Program Files\Java\jdk-21\bin;C:\Program Files\JetBrains\IntelliJ IDEA 2024.3\bin;;C:\Program Files\MySQL\MySQL Server 8.0\bin;
USERNAME=kj24h
OS=Windows_NT
PROCESSOR_IDENTIFIER=Intel64 Family 6 Model 126 Stepping 5, GenuineIntel
TMP=C:\Users\kj24h\AppData\Local\Temp
TEMP=C:\Users\kj24h\AppData\Local\Temp




Periodic native trim disabled

---------------  S Y S T E M  ---------------

OS:
 Windows 11 , 64 bit Build 22621 (10.0.22621.4391)
OS uptime: 11 days 10:54 hours
Hyper-V role detected

CPU: total 8 (initial active 8) (4 cores per cpu, 2 threads per core) family 6 model 126 stepping 5 microcode 0x96, cx8, cmov, fxsr, ht, mmx, 3dnowpref, sse, sse2, sse3, ssse3, sse4.1, sse4.2, popcnt, lzcnt, tsc, tscinvbit, avx, avx2, aes, erms, clmul, bmi1, bmi2, adx, avx512f, avx512dq, avx512cd, avx512bw, avx512vl, sha, fma, vzeroupper, avx512_vpopcntdq, avx512_vpclmulqdq, avx512_vaes, avx512_vnni, clflush, clflushopt, avx512_vbmi2, avx512_vbmi, hv, rdtscp, rdpid, fsrm, gfni, avx512_bitalg, f16c, avx512_ifma
Processor Information for all 8 processors :
  Max Mhz: 1190, Current Mhz: 991, Mhz Limit: 987

Memory: 4k page, system-wide physical 7959M (448M free)
TotalPageFile size 20257M (AvailPageFile size 30M)
current process WorkingSet (physical memory assigned to process): 280M, peak: 280M
current process commit charge ("private bytes"): 340M, peak: 375M

vm_info: Java HotSpot(TM) 64-Bit Server VM (21.0.5+9-LTS-239) for windows-amd64 JRE (21.0.5+9-LTS-239), built on 2024-09-30T05:17:38Z by "mach5one" with MS VC++ 17.6 (VS2022)

END.
